<?xml version="1.0" encoding="UTF-8"?>
<testsuite failures="0" errors="0" skipped="0" tests="5" time="111.050722" name="Bstackdemo UI test">
<testcase classname="Bstackdemo UI test" name="I login to bstackdemo website" time="15.444312">
  <system-out>
    <![CDATA[]]>
  </system-out>
  <system-err>
    <![CDATA[]]>
  </system-err>
</testcase>
<testcase classname="Bstackdemo UI test" name="I add first product to favourite" time="18.627915">
  <system-out>
    <![CDATA[]]>
  </system-out>
  <system-err>
    <![CDATA[]]>
  </system-err>
</testcase>
<testcase classname="Bstackdemo UI test" name="I add first product to cart" time="20.214034">
  <system-out>
    <![CDATA[]]>
  </system-out>
  <system-err>
    <![CDATA[]]>
  </system-err>
</testcase>
<testcase classname="Bstackdemo UI test" name="I verify my cart details" time="21.555494">
  <system-out>
    <![CDATA[]]>
  </system-out>
  <system-err>
    <![CDATA[]]>
  </system-err>
</testcase>
<testcase classname="Bstackdemo UI test" name="I add my shipping address and proceed to submit" time="35.208967">
  <system-out>
    <![CDATA[]]>
  </system-out>
  <system-err>
    <![CDATA[]]>
  </system-err>
</testcase>
</testsuite>
