<?xml version="1.0" encoding="UTF-8"?>
<testsuite failures="0" errors="0" skipped="0" tests="5" time="74.238417" name="Bstackdemo UI test">
<testcase classname="Bstackdemo UI test" name="I login to bstackdemo website" time="13.265933">
  <system-out>
    <![CDATA[]]>
  </system-out>
  <system-err>
    <![CDATA[]]>
  </system-err>
</testcase>
<testcase classname="Bstackdemo UI test" name="I add first product to favourite" time="15.279718">
  <system-out>
    <![CDATA[]]>
  </system-out>
  <system-err>
    <![CDATA[]]>
  </system-err>
</testcase>
<testcase classname="Bstackdemo UI test" name="I add first product to cart" time="15.819407">
  <system-out>
    <![CDATA[]]>
  </system-out>
  <system-err>
    <![CDATA[]]>
  </system-err>
</testcase>
<testcase classname="Bstackdemo UI test" name="I verify my cart details" time="14.813577">
  <system-out>
    <![CDATA[]]>
  </system-out>
  <system-err>
    <![CDATA[]]>
  </system-err>
</testcase>
<testcase classname="Bstackdemo UI test" name="I add my shipping address and proceed to submit" time="15.059782">
  <system-out>
    <![CDATA[]]>
  </system-out>
  <system-err>
    <![CDATA[]]>
  </system-err>
</testcase>
</testsuite>
