<?xml version="1.0" encoding="UTF-8"?>
<testsuite failures="0" errors="0" skipped="0" tests="5" time="86.307146" name="Bstackdemo UI test">
<testcase classname="Bstackdemo UI test" name="I login to bstackdemo website" time="12.088211">
  <system-out>
    <![CDATA[]]>
  </system-out>
  <system-err>
    <![CDATA[]]>
  </system-err>
</testcase>
<testcase classname="Bstackdemo UI test" name="I add first product to favourite" time="13.385817">
  <system-out>
    <![CDATA[]]>
  </system-out>
  <system-err>
    <![CDATA[]]>
  </system-err>
</testcase>
<testcase classname="Bstackdemo UI test" name="I add first product to cart" time="16.606914">
  <system-out>
    <![CDATA[]]>
  </system-out>
  <system-err>
    <![CDATA[]]>
  </system-err>
</testcase>
<testcase classname="Bstackdemo UI test" name="I verify my cart details" time="16.453953">
  <system-out>
    <![CDATA[]]>
  </system-out>
  <system-err>
    <![CDATA[]]>
  </system-err>
</testcase>
<testcase classname="Bstackdemo UI test" name="I add my shipping address and proceed to submit" time="27.772251">
  <system-out>
    <![CDATA[]]>
  </system-out>
  <system-err>
    <![CDATA[]]>
  </system-err>
</testcase>
</testsuite>
